<?xml version="1.0" encoding="UTF-8"?>
<!-- Generated by org.testng.reporters.JUnitReportReporter -->
<testsuite hostname="DESKTOP-I46VA14" failures="0" tests="1" name="test.TestNG_Demo" time="7.437" errors="0" timestamp="2024-05-27T22:05:23 CEST" skipped="0">
  <testcase classname="test.TestNG_Demo" name="googleSearch" time="7.437"/>
</testsuite> <!-- test.TestNG_Demo -->
